2018-10-10 18:44:53 - PHP Notice:  Undefined variable: foot_text in D:\OpenServer\domains\intamebel.by3\catalog\view\theme\default\template\common\footer.tpl on line 46
2018-10-10 18:52:21 - PHP Notice:  Undefined variable: foot_text in D:\OpenServer\domains\intamebel.by3\catalog\view\theme\default\template\common\footer.tpl on line 46
2018-10-10 18:52:38 - PHP Notice:  Undefined variable: foot_text in D:\OpenServer\domains\intamebel.by3\catalog\view\theme\default\template\common\footer.tpl on line 46
2018-10-10 18:53:09 - PHP Notice:  Undefined variable: foot_text in D:\OpenServer\domains\intamebel.by3\catalog\view\theme\default\template\common\footer.tpl on line 46
2018-10-10 18:54:06 - PHP Notice:  Undefined variable: foot_text in D:\OpenServer\domains\intamebel.by3\catalog\view\theme\default\template\common\footer.tpl on line 46
2018-10-10 19:01:25 - PHP Notice:  Undefined variable: foot_text in D:\OpenServer\domains\intamebel.by3\catalog\view\theme\default\template\common\footer.tpl on line 46
2018-10-10 19:01:55 - PHP Notice:  Undefined variable: foot_text in D:\OpenServer\domains\intamebel.by3\catalog\view\theme\default\template\common\footer.tpl on line 46
2018-10-10 19:02:48 - PHP Notice:  Undefined variable: foot_text in D:\OpenServer\domains\intamebel.by3\catalog\view\theme\default\template\common\footer.tpl on line 46
2018-10-11 15:50:15 - PHP Notice:  Undefined variable: attribute_group in D:\OpenServer\domains\intamebel.by3\catalog\controller\product\product.php on line 444
2018-10-11 15:50:15 - PHP Notice:  Undefined index: attribute_groups in D:\OpenServer\domains\intamebel.by3\catalog\view\theme\default\template\product\product.tpl on line 347
2018-10-11 16:11:53 - PHP Notice:  Undefined variable: search in D:\OpenServer\domains\intamebel.by3\admin\view\template\payment\begatewayerip.tpl on line 7
2018-10-11 16:11:53 - PHP Notice:  Undefined variable: button_search in D:\OpenServer\domains\intamebel.by3\admin\view\template\payment\begatewayerip.tpl on line 7
2018-11-09 13:30:33 - PHP Notice:  Undefined offset: 1 in /home/intaby/public_html/system/storage/modification/catalog/controller/error/not_found.php on line 68
2018-11-09 13:33:22 - PHP Notice:  Undefined offset: 1 in /home/intaby/public_html/system/storage/modification/catalog/controller/error/not_found.php on line 68
2018-11-09 13:45:51 - PHP Notice:  Undefined offset: 1 in /home/intaby/public_html/system/storage/modification/catalog/controller/error/not_found.php on line 68
2018-11-12 16:58:13 - ERIP response parse error: <html><head><title>Object moved</title></head><body>
<h2>Object moved to <a href="/Error.aspx?error=404">here</a>.</h2>
</body></html>

2018-11-14 13:55:20 - PHP Notice:  Undefined offset: 1 in /home/intaby/public_html/system/storage/modification/catalog/controller/error/not_found.php on line 68
2018-11-14 13:56:14 - PHP Notice:  Undefined offset: 1 in /home/intaby/public_html/system/storage/modification/catalog/controller/error/not_found.php on line 68
2018-11-21 13:33:53 - PHP Notice:  Undefined offset: 1 in /home/intaby/public_html/system/storage/modification/catalog/controller/error/not_found.php on line 68
2018-11-22 11:38:09 - PHP Notice:  Undefined offset: 1 in /home/intaby/public_html/system/storage/modification/catalog/controller/error/not_found.php on line 68
2018-11-27 17:01:39 - PHP Notice:  Undefined index: category_id in /home/intaby/public_html/catalog/view/theme/default/template/extension/module/gofilter.tpl on line 148
2018-11-27 17:01:39 - PHP Notice:  Undefined index: category_id in /home/intaby/public_html/catalog/view/theme/default/template/extension/module/gofilter.tpl on line 162
2018-11-27 17:01:39 - PHP Notice:  Undefined index: category_id in /home/intaby/public_html/catalog/view/theme/default/template/extension/module/gofilter.tpl on line 163
2018-11-27 17:01:39 - PHP Notice:  Undefined index: name in /home/intaby/public_html/catalog/view/theme/default/template/extension/module/gofilter.tpl on line 164
2018-11-27 17:01:45 - PHP Notice:  Undefined index: category_id in /home/intaby/public_html/catalog/view/theme/default/template/extension/module/gofilter.tpl on line 148
2018-11-27 17:01:45 - PHP Notice:  Undefined index: category_id in /home/intaby/public_html/catalog/view/theme/default/template/extension/module/gofilter.tpl on line 162
2018-11-27 17:01:45 - PHP Notice:  Undefined index: category_id in /home/intaby/public_html/catalog/view/theme/default/template/extension/module/gofilter.tpl on line 163
2018-11-27 17:01:45 - PHP Notice:  Undefined index: name in /home/intaby/public_html/catalog/view/theme/default/template/extension/module/gofilter.tpl on line 164
2018-11-27 22:10:45 - PHP Notice:  Undefined index: category_id in /home/intaby/public_html/catalog/view/theme/default/template/extension/module/gofilter.tpl on line 148
2018-11-27 22:10:45 - PHP Notice:  Undefined index: category_id in /home/intaby/public_html/catalog/view/theme/default/template/extension/module/gofilter.tpl on line 162
2018-11-27 22:10:45 - PHP Notice:  Undefined index: category_id in /home/intaby/public_html/catalog/view/theme/default/template/extension/module/gofilter.tpl on line 163
2018-11-27 22:10:45 - PHP Notice:  Undefined index: name in /home/intaby/public_html/catalog/view/theme/default/template/extension/module/gofilter.tpl on line 164
2018-11-28 15:25:07 - PHP Notice:  Undefined index: category_id in /home/intaby/public_html/catalog/view/theme/default/template/extension/module/gofilter.tpl on line 148
2018-11-28 15:25:07 - PHP Notice:  Undefined index: category_id in /home/intaby/public_html/catalog/view/theme/default/template/extension/module/gofilter.tpl on line 162
2018-11-28 15:25:07 - PHP Notice:  Undefined index: category_id in /home/intaby/public_html/catalog/view/theme/default/template/extension/module/gofilter.tpl on line 163
2018-11-28 15:25:07 - PHP Notice:  Undefined index: name in /home/intaby/public_html/catalog/view/theme/default/template/extension/module/gofilter.tpl on line 164
2018-11-28 23:56:02 - PHP Notice:  Undefined index: category_id in /home/intaby/public_html/catalog/view/theme/default/template/extension/module/gofilter.tpl on line 148
2018-11-28 23:56:02 - PHP Notice:  Undefined index: category_id in /home/intaby/public_html/catalog/view/theme/default/template/extension/module/gofilter.tpl on line 162
2018-11-28 23:56:02 - PHP Notice:  Undefined index: category_id in /home/intaby/public_html/catalog/view/theme/default/template/extension/module/gofilter.tpl on line 163
2018-11-28 23:56:02 - PHP Notice:  Undefined index: name in /home/intaby/public_html/catalog/view/theme/default/template/extension/module/gofilter.tpl on line 164
2018-12-03 17:02:35 - PHP Notice:  Undefined index: category_id in /home/intaby/public_html/catalog/view/theme/default/template/extension/module/gofilter.tpl on line 148
2018-12-03 17:02:35 - PHP Notice:  Undefined index: category_id in /home/intaby/public_html/catalog/view/theme/default/template/extension/module/gofilter.tpl on line 162
2018-12-03 17:02:35 - PHP Notice:  Undefined index: category_id in /home/intaby/public_html/catalog/view/theme/default/template/extension/module/gofilter.tpl on line 163
2018-12-03 17:02:35 - PHP Notice:  Undefined index: name in /home/intaby/public_html/catalog/view/theme/default/template/extension/module/gofilter.tpl on line 164
2018-12-05 11:47:47 - ERIP response parse error: <html><head><title>Object moved</title></head><body>
<h2>Object moved to <a href="/Error.aspx?error=404">here</a>.</h2>
</body></html>

2018-12-05 18:05:55 - PHP Notice:  Undefined index: category_id in /home/intaby/public_html/catalog/view/theme/default/template/extension/module/gofilter.tpl on line 148
2018-12-05 18:05:55 - PHP Notice:  Undefined index: category_id in /home/intaby/public_html/catalog/view/theme/default/template/extension/module/gofilter.tpl on line 162
2018-12-05 18:05:55 - PHP Notice:  Undefined index: category_id in /home/intaby/public_html/catalog/view/theme/default/template/extension/module/gofilter.tpl on line 163
2018-12-05 18:05:55 - PHP Notice:  Undefined index: name in /home/intaby/public_html/catalog/view/theme/default/template/extension/module/gofilter.tpl on line 164
2018-12-05 23:30:49 - PHP Notice:  Undefined index: category_id in /home/intaby/public_html/catalog/view/theme/default/template/extension/module/gofilter.tpl on line 148
2018-12-05 23:30:49 - PHP Notice:  Undefined index: category_id in /home/intaby/public_html/catalog/view/theme/default/template/extension/module/gofilter.tpl on line 162
2018-12-05 23:30:49 - PHP Notice:  Undefined index: category_id in /home/intaby/public_html/catalog/view/theme/default/template/extension/module/gofilter.tpl on line 163
2018-12-05 23:30:49 - PHP Notice:  Undefined index: name in /home/intaby/public_html/catalog/view/theme/default/template/extension/module/gofilter.tpl on line 164
2018-12-06 3:50:37 - PHP Notice:  Undefined index: category_id in /home/intaby/public_html/catalog/view/theme/default/template/extension/module/gofilter.tpl on line 148
2018-12-06 3:50:37 - PHP Notice:  Undefined index: category_id in /home/intaby/public_html/catalog/view/theme/default/template/extension/module/gofilter.tpl on line 162
2018-12-06 3:50:37 - PHP Notice:  Undefined index: category_id in /home/intaby/public_html/catalog/view/theme/default/template/extension/module/gofilter.tpl on line 163
2018-12-06 3:50:37 - PHP Notice:  Undefined index: name in /home/intaby/public_html/catalog/view/theme/default/template/extension/module/gofilter.tpl on line 164
2018-12-08 2:33:32 - PHP Notice:  Undefined index: category_id in /home/intaby/public_html/catalog/view/theme/default/template/extension/module/gofilter.tpl on line 148
2018-12-08 2:33:32 - PHP Notice:  Undefined index: category_id in /home/intaby/public_html/catalog/view/theme/default/template/extension/module/gofilter.tpl on line 162
2018-12-08 2:33:32 - PHP Notice:  Undefined index: category_id in /home/intaby/public_html/catalog/view/theme/default/template/extension/module/gofilter.tpl on line 163
2018-12-08 2:33:32 - PHP Notice:  Undefined index: name in /home/intaby/public_html/catalog/view/theme/default/template/extension/module/gofilter.tpl on line 164
2018-12-08 2:44:03 - PHP Notice:  Undefined index: category_id in /home/intaby/public_html/catalog/view/theme/default/template/extension/module/gofilter.tpl on line 148
2018-12-08 2:44:03 - PHP Notice:  Undefined index: category_id in /home/intaby/public_html/catalog/view/theme/default/template/extension/module/gofilter.tpl on line 162
2018-12-08 2:44:03 - PHP Notice:  Undefined index: category_id in /home/intaby/public_html/catalog/view/theme/default/template/extension/module/gofilter.tpl on line 163
2018-12-08 2:44:03 - PHP Notice:  Undefined index: name in /home/intaby/public_html/catalog/view/theme/default/template/extension/module/gofilter.tpl on line 164
2018-12-10 11:57:25 - PHP Notice:  Undefined index: category_id in /home/intaby/public_html/catalog/view/theme/default/template/extension/module/gofilter.tpl on line 148
2018-12-10 11:57:25 - PHP Notice:  Undefined index: category_id in /home/intaby/public_html/catalog/view/theme/default/template/extension/module/gofilter.tpl on line 162
2018-12-10 11:57:25 - PHP Notice:  Undefined index: category_id in /home/intaby/public_html/catalog/view/theme/default/template/extension/module/gofilter.tpl on line 163
2018-12-10 11:57:25 - PHP Notice:  Undefined index: name in /home/intaby/public_html/catalog/view/theme/default/template/extension/module/gofilter.tpl on line 164
2018-12-10 12:59:00 - PHP Notice:  Undefined offset: 1 in /home/intaby/public_html/system/storage/modification/catalog/controller/error/not_found.php on line 68
2018-12-10 13:31:41 - PHP Notice:  Undefined offset: 1 in /home/intaby/public_html/system/storage/modification/catalog/controller/error/not_found.php on line 68
2018-12-10 13:37:48 - PHP Notice:  Undefined offset: 1 in /home/intaby/public_html/system/storage/modification/catalog/controller/error/not_found.php on line 68
2018-12-10 13:38:34 - PHP Notice:  Undefined offset: 1 in /home/intaby/public_html/system/storage/modification/catalog/controller/error/not_found.php on line 68
2018-12-10 14:10:12 - PHP Notice:  Undefined offset: 1 in /home/intaby/public_html/system/storage/modification/catalog/controller/error/not_found.php on line 68
2018-12-13 22:15:17 - PHP Warning:  Invalid argument supplied for foreach() in /home/intaby/public_html/vqmod/vqcache/vq2-system_storage_modification_system_engine_loader.php on line 53
2018-12-15 4:16:16 - PHP Notice:  Undefined index: category_id in /home/intaby/public_html/catalog/view/theme/default/template/extension/module/gofilter.tpl on line 148
2018-12-15 4:16:16 - PHP Notice:  Undefined index: category_id in /home/intaby/public_html/catalog/view/theme/default/template/extension/module/gofilter.tpl on line 162
2018-12-15 4:16:16 - PHP Notice:  Undefined index: category_id in /home/intaby/public_html/catalog/view/theme/default/template/extension/module/gofilter.tpl on line 163
2018-12-15 4:16:16 - PHP Notice:  Undefined index: name in /home/intaby/public_html/catalog/view/theme/default/template/extension/module/gofilter.tpl on line 164
2018-12-16 22:34:56 - ERIP response parse error: <html><head><title>Object moved</title></head><body>
<h2>Object moved to <a href="/Error.aspx?error=404">here</a>.</h2>
</body></html>

2018-12-16 22:34:57 - ERIP response parse error: <html><head><title>Object moved</title></head><body>
<h2>Object moved to <a href="/Error.aspx?error=404">here</a>.</h2>
</body></html>

2018-12-17 17:35:20 - PHP Notice:  Undefined index: category_id in /home/intaby/public_html/catalog/view/theme/default/template/extension/module/gofilter.tpl on line 148
2018-12-17 17:35:20 - PHP Notice:  Undefined index: category_id in /home/intaby/public_html/catalog/view/theme/default/template/extension/module/gofilter.tpl on line 162
2018-12-17 17:35:20 - PHP Notice:  Undefined index: category_id in /home/intaby/public_html/catalog/view/theme/default/template/extension/module/gofilter.tpl on line 163
2018-12-17 17:35:20 - PHP Notice:  Undefined index: name in /home/intaby/public_html/catalog/view/theme/default/template/extension/module/gofilter.tpl on line 164
2018-12-18 23:44:07 - PHP Notice:  Indirect modification of overloaded property ControllerExtensionModulePopUpCart::$error has no effect in /home/intaby/public_html/admin/controller/extension/module/popupcart.php on line 122
2018-12-18 23:44:41 - PHP Notice:  Indirect modification of overloaded property ControllerExtensionModulePopUpCart::$error has no effect in /home/intaby/public_html/admin/controller/extension/module/popupcart.php on line 122
2018-12-18 23:46:55 - PHP Notice:  Undefined offset: 1 in /home/intaby/public_html/system/storage/modification/catalog/controller/error/not_found.php on line 68
2018-12-18 23:46:55 - PHP Notice:  Undefined offset: 1 in /home/intaby/public_html/system/storage/modification/catalog/controller/error/not_found.php on line 68
2018-12-22 8:27:11 - PHP Notice:  Undefined index: category_id in /home/intaby/public_html/catalog/view/theme/default/template/extension/module/gofilter.tpl on line 148
2018-12-22 8:27:11 - PHP Notice:  Undefined index: category_id in /home/intaby/public_html/catalog/view/theme/default/template/extension/module/gofilter.tpl on line 162
2018-12-22 8:27:11 - PHP Notice:  Undefined index: category_id in /home/intaby/public_html/catalog/view/theme/default/template/extension/module/gofilter.tpl on line 163
2018-12-22 8:27:11 - PHP Notice:  Undefined index: name in /home/intaby/public_html/catalog/view/theme/default/template/extension/module/gofilter.tpl on line 164
2018-12-23 12:08:50 - PHP Notice:  Undefined index: category_id in /home/intaby/public_html/catalog/view/theme/default/template/extension/module/gofilter.tpl on line 148
2018-12-23 12:08:50 - PHP Notice:  Undefined index: category_id in /home/intaby/public_html/catalog/view/theme/default/template/extension/module/gofilter.tpl on line 162
2018-12-23 12:08:50 - PHP Notice:  Undefined index: category_id in /home/intaby/public_html/catalog/view/theme/default/template/extension/module/gofilter.tpl on line 163
2018-12-23 12:08:50 - PHP Notice:  Undefined index: name in /home/intaby/public_html/catalog/view/theme/default/template/extension/module/gofilter.tpl on line 164
2018-12-25 11:42:58 - PHP Notice:  Undefined index: category_id in /home/intaby/public_html/catalog/view/theme/default/template/extension/module/gofilter.tpl on line 148
2018-12-25 11:42:58 - PHP Notice:  Undefined index: category_id in /home/intaby/public_html/catalog/view/theme/default/template/extension/module/gofilter.tpl on line 162
2018-12-25 11:42:58 - PHP Notice:  Undefined index: category_id in /home/intaby/public_html/catalog/view/theme/default/template/extension/module/gofilter.tpl on line 163
2018-12-25 11:42:58 - PHP Notice:  Undefined index: name in /home/intaby/public_html/catalog/view/theme/default/template/extension/module/gofilter.tpl on line 164
2018-12-29 17:14:13 - PHP Notice:  Undefined offset: 1 in /home/intaby/public_html/system/storage/modification/catalog/controller/error/not_found.php on line 68
2019-01-07 19:06:21 - PHP Notice:  Undefined offset: 1 in /home/intaby/public_html/system/storage/modification/catalog/controller/error/not_found.php on line 68
2019-01-07 19:07:40 - PHP Notice:  Undefined offset: 1 in /home/intaby/public_html/system/storage/modification/catalog/controller/error/not_found.php on line 68
2019-01-07 19:08:18 - PHP Notice:  Undefined offset: 1 in /home/intaby/public_html/system/storage/modification/catalog/controller/error/not_found.php on line 68
2019-01-07 19:12:38 - PHP Notice:  Undefined offset: 1 in /home/intaby/public_html/system/storage/modification/catalog/controller/error/not_found.php on line 68
2019-01-10 4:13:27 - PHP Notice:  Undefined index: category_id in /home/intaby/public_html/catalog/view/theme/default/template/extension/module/gofilter.tpl on line 148
2019-01-10 4:13:27 - PHP Notice:  Undefined index: category_id in /home/intaby/public_html/catalog/view/theme/default/template/extension/module/gofilter.tpl on line 162
2019-01-10 4:13:27 - PHP Notice:  Undefined index: category_id in /home/intaby/public_html/catalog/view/theme/default/template/extension/module/gofilter.tpl on line 163
2019-01-10 4:13:27 - PHP Notice:  Undefined index: name in /home/intaby/public_html/catalog/view/theme/default/template/extension/module/gofilter.tpl on line 164
2019-01-10 23:32:41 - PHP Notice:  Undefined index: category_id in /home/intaby/public_html/catalog/view/theme/default/template/extension/module/gofilter.tpl on line 148
2019-01-10 23:32:41 - PHP Notice:  Undefined index: category_id in /home/intaby/public_html/catalog/view/theme/default/template/extension/module/gofilter.tpl on line 162
2019-01-10 23:32:41 - PHP Notice:  Undefined index: category_id in /home/intaby/public_html/catalog/view/theme/default/template/extension/module/gofilter.tpl on line 163
2019-01-10 23:32:41 - PHP Notice:  Undefined index: name in /home/intaby/public_html/catalog/view/theme/default/template/extension/module/gofilter.tpl on line 164
2019-01-10 23:32:43 - PHP Notice:  Undefined index: category_id in /home/intaby/public_html/catalog/view/theme/default/template/extension/module/gofilter.tpl on line 148
2019-01-10 23:32:43 - PHP Notice:  Undefined index: category_id in /home/intaby/public_html/catalog/view/theme/default/template/extension/module/gofilter.tpl on line 162
2019-01-10 23:32:43 - PHP Notice:  Undefined index: category_id in /home/intaby/public_html/catalog/view/theme/default/template/extension/module/gofilter.tpl on line 163
2019-01-10 23:32:43 - PHP Notice:  Undefined index: name in /home/intaby/public_html/catalog/view/theme/default/template/extension/module/gofilter.tpl on line 164
2019-01-16 16:12:54 - PHP Notice:  Undefined index: category_id in /home/intaby/public_html/catalog/view/theme/default/template/extension/module/gofilter.tpl on line 148
2019-01-16 16:12:54 - PHP Notice:  Undefined index: category_id in /home/intaby/public_html/catalog/view/theme/default/template/extension/module/gofilter.tpl on line 162
2019-01-16 16:12:54 - PHP Notice:  Undefined index: category_id in /home/intaby/public_html/catalog/view/theme/default/template/extension/module/gofilter.tpl on line 163
2019-01-16 16:12:54 - PHP Notice:  Undefined index: name in /home/intaby/public_html/catalog/view/theme/default/template/extension/module/gofilter.tpl on line 164
2019-01-20 1:48:10 - PHP Notice:  Undefined index: category_id in /home/intaby/public_html/catalog/view/theme/default/template/extension/module/gofilter.tpl on line 148
2019-01-20 1:48:10 - PHP Notice:  Undefined index: category_id in /home/intaby/public_html/catalog/view/theme/default/template/extension/module/gofilter.tpl on line 162
2019-01-20 1:48:10 - PHP Notice:  Undefined index: category_id in /home/intaby/public_html/catalog/view/theme/default/template/extension/module/gofilter.tpl on line 163
2019-01-20 1:48:10 - PHP Notice:  Undefined index: name in /home/intaby/public_html/catalog/view/theme/default/template/extension/module/gofilter.tpl on line 164
2019-01-20 1:48:11 - PHP Notice:  Undefined index: category_id in /home/intaby/public_html/catalog/view/theme/default/template/extension/module/gofilter.tpl on line 148
2019-01-20 1:48:11 - PHP Notice:  Undefined index: category_id in /home/intaby/public_html/catalog/view/theme/default/template/extension/module/gofilter.tpl on line 162
2019-01-20 1:48:11 - PHP Notice:  Undefined index: category_id in /home/intaby/public_html/catalog/view/theme/default/template/extension/module/gofilter.tpl on line 163
2019-01-20 1:48:11 - PHP Notice:  Undefined index: name in /home/intaby/public_html/catalog/view/theme/default/template/extension/module/gofilter.tpl on line 164
